Reading message file
Waiting for connections
New user shivam logging on at Nov 11, 2014 05:23 PM from Aggarwal
There are 1 users connected
New user shubham logging on at Nov 11, 2014 05:23 PM from Aggarwal
There are 2 users connected
New user sulakshay logging on at Nov 11, 2014 05:25 PM from Aggarwal
There are 3 users connected
User sulakshay disconnected at Nov 11, 2014 05:26 PM
There are 2 users connected
User shubham disconnected at Nov 11, 2014 05:26 PM
There are 1 users connected
User shivam disconnected at Nov 11, 2014 05:27 PM
There are 0 users connected
Server shutting down...
No users connected
Peak connections this session: 3
Total connections this session: 3
Saving user messages
Closing log file
